<?xml version="1.0" encoding="UTF-8"?>
<!-- Generated by org.testng.reporters.JUnitXMLReporter -->
<testsuite hostname="MYDear-PC" ignored="0" name="Default test" tests="2" failures="0" timestamp="23 Sep 2017 04:42:47 GMT" time="18.699" errors="0">
  <testcase name="testLoginFailTC_212" time="1.238" classname="com.tele.metric.test.smoke.TestLoginUS156"/>
  <testcase name="testLoginSuccess_TC211" time="3.857" classname="com.tele.metric.test.smoke.TestLoginUS156"/>
</testsuite> <!-- Default test -->
