<?xml version="1.0" encoding="UTF-8"?>
<testng-results skipped="0" failed="0" ignored="0" total="1" passed="1">
  <reporter-output>
  </reporter-output>
  <suite name="Default suite" duration-ms="5987" started-at="2017-09-23T05:36:36Z" finished-at="2017-09-23T05:36:42Z">
    <groups>
    </groups>
    <test name="Default test" duration-ms="5987" started-at="2017-09-23T05:36:36Z" finished-at="2017-09-23T05:36:42Z">
      <class name="com.tele.metric.test.regression.TestVerifyTitleUS158">
        <test-method status="PASS" signature="setUp()[pri:0, instance:com.tele.metric.test.regression.TestVerifyTitleUS158@68c4039c]" name="setUp" is-config="true" duration-ms="5889" started-at="2017-09-23T11:06:36Z" finished-at="2017-09-23T11:06:42Z">
          <reporter-output>
          </reporter-output>
        </test-method> <!-- setUp -->
        <test-method status="PASS" signature="testVerifyTitleTC510()[pri:0, instance:com.tele.metric.test.regression.TestVerifyTitleUS158@68c4039c]" name="testVerifyTitleTC510" duration-ms="70" started-at="2017-09-23T11:06:42Z" finished-at="2017-09-23T11:06:42Z">
          <reporter-output>
          </reporter-output>
        </test-method> <!-- testVerifyTitleTC510 -->
        <test-method status="PASS" signature="tearDown()[pri:0, instance:com.tele.metric.test.regression.TestVerifyTitleUS158@68c4039c]" name="tearDown" is-config="true" duration-ms="8" started-at="2017-09-23T11:06:42Z" finished-at="2017-09-23T11:06:42Z">
          <reporter-output>
          </reporter-output>
        </test-method> <!-- tearDown -->
      </class> <!-- com.tele.metric.test.regression.TestVerifyTitleUS158 -->
    </test> <!-- Default test -->
  </suite> <!-- Default suite -->
</testng-results>
